<?xml version="1.0" encoding="UTF-8"?>
<!-- Generated by org.testng.reporters.JUnitXMLReporter -->
<testsuite ignored="0" hostname="DESKTOP-3LAS9CR" failures="1" tests="10" name="Default test" time="10.524" errors="0" timestamp="23 Jul 2018 21:51:44 GMT">
  <testcase classname="testCases.HybridTestCases" name="ApplicationUnderTest" time="0.385"/>
  <testcase classname="testCases.HybridTestCases" name="ApplicationUnderTest" time="0.162"/>
  <testcase classname="testCases.HybridTestCases" name="ApplicationUnderTest" time="0.03">
    <failure type="java.lang.NullPointerException" message="null value in entry: url=null">
      <![CDATA[java.lang.NullPointerException: null value in entry: url=null
at com.google.common.collect.CollectPreconditions.checkEntryNotNull(CollectPreconditions.java:32)
at com.google.common.collect.SingletonImmutableBiMap.<init>(SingletonImmutableBiMap.java:42)
at com.google.common.collect.ImmutableBiMap.of(ImmutableBiMap.java:70)
at com.google.common.collect.ImmutableMap.of(ImmutableMap.java:123)
at org.openqa.selenium.remote.RemoteWebDriver.get(RemoteWebDriver.java:271)
at operations.UIOperation.KeyWordPerform(UIOperation.java:42)
at testCases.HybridTestCases.ApplicationUnderTest(HybridTestCases.java:26)
at java.base/jdk.internal.reflect.NativeMethodAccessorImpl.invoke0(Native Method)
at java.base/jdk.internal.reflect.NativeMethodAccessorImpl.invoke(NativeMethodAccessorImpl.java:62)
at java.base/jdk.internal.reflect.DelegatingMethodAccessorImpl.invoke(DelegatingMethodAccessorImpl.java:43)
at java.base/java.lang.reflect.Method.invoke(Method.java:564)
at org.testng.internal.MethodInvocationHelper.invokeMethod(MethodInvocationHelper.java:124)
at org.testng.internal.Invoker.invokeMethod(Invoker.java:580)
at org.testng.internal.Invoker.invokeTestMethod(Invoker.java:716)
at org.testng.internal.Invoker.invokeTestMethods(Invoker.java:988)
at org.testng.internal.TestMethodWorker.invokeTestMethods(TestMethodWorker.java:125)
at org.testng.internal.TestMethodWorker.run(TestMethodWorker.java:109)
at org.testng.TestRunner.privateRun(TestRunner.java:648)
at org.testng.TestRunner.run(TestRunner.java:505)
at org.testng.SuiteRunner.runTest(SuiteRunner.java:455)
at org.testng.SuiteRunner.runSequentially(SuiteRunner.java:450)
at org.testng.SuiteRunner.privateRun(SuiteRunner.java:415)
at org.testng.SuiteRunner.run(SuiteRunner.java:364)
at org.testng.SuiteRunnerWorker.runSuite(SuiteRunnerWorker.java:52)
at org.testng.SuiteRunnerWorker.run(SuiteRunnerWorker.java:84)
at org.testng.TestNG.runSuitesSequentially(TestNG.java:1208)
at org.testng.TestNG.runSuitesLocally(TestNG.java:1137)
at org.testng.TestNG.runSuites(TestNG.java:1049)
at org.testng.TestNG.run(TestNG.java:1017)
at org.testng.remote.AbstractRemoteTestNG.run(AbstractRemoteTestNG.java:114)
at org.testng.remote.RemoteTestNG.initAndRun(RemoteTestNG.java:251)
at org.testng.remote.RemoteTestNG.main(RemoteTestNG.java:77)
]]>
    </failure>
  </testcase> <!-- ApplicationUnderTest -->
  <testcase classname="testCases.HybridTestCases" name="ApplicationUnderTest" time="0.127"/>
  <testcase classname="testCases.HybridTestCases" name="ApplicationUnderTest" time="0.138"/>
  <testcase classname="testCases.HybridTestCases" name="ApplicationUnderTest" time="0.123"/>
  <testcase classname="testCases.HybridTestCases" name="ApplicationUnderTest" time="0.071"/>
  <testcase classname="testCases.HybridTestCases" name="ApplicationUnderTest" time="4.006"/>
  <testcase classname="testCases.HybridTestCases" name="ApplicationUnderTest" time="0.259"/>
  <testcase classname="testCases.HybridTestCases" name="ApplicationUnderTest" time="0.391"/>
</testsuite> <!-- Default test -->
