<?xml version="1.0" encoding="UTF-8"?>
<!-- Generated by org.testng.reporters.JUnitReportReporter -->
<testsuite hostname="DESKTOP-3LAS9CR" failures="0" tests="22" name="testCases.HybridTestCases" time="10.472" errors="1" timestamp="13 Aug 2019 23:34:49 GMT" skipped="21">
  <testcase classname="testCases.HybridTestCases" name="ApplicationUnderTest" time="0.000">
    <skipped/>
  </testcase> <!-- ApplicationUnderTest -->
  <testcase classname="testCases.HybridTestCases" name="ApplicationUnderTest" time="0.000">
    <skipped/>
  </testcase> <!-- ApplicationUnderTest -->
  <testcase classname="testCases.HybridTestCases" name="ApplicationUnderTest" time="0.000">
    <skipped/>
  </testcase> <!-- ApplicationUnderTest -->
  <testcase classname="testCases.HybridTestCases" name="ApplicationUnderTest" time="0.000">
    <skipped/>
  </testcase> <!-- ApplicationUnderTest -->
  <testcase classname="testCases.HybridTestCases" name="ApplicationUnderTest" time="0.000">
    <skipped/>
  </testcase> <!-- ApplicationUnderTest -->
  <testcase classname="testCases.HybridTestCases" name="ApplicationUnderTest" time="0.000">
    <skipped/>
  </testcase> <!-- ApplicationUnderTest -->
  <testcase classname="testCases.HybridTestCases" name="ApplicationUnderTest" time="0.000">
    <skipped/>
  </testcase> <!-- ApplicationUnderTest -->
  <testcase classname="testCases.HybridTestCases" name="ApplicationUnderTest" time="0.000">
    <skipped/>
  </testcase> <!-- ApplicationUnderTest -->
  <testcase classname="testCases.HybridTestCases" name="ApplicationUnderTest" time="0.000">
    <skipped/>
  </testcase> <!-- ApplicationUnderTest -->
  <testcase classname="testCases.HybridTestCases" name="ApplicationUnderTest" time="0.000">
    <skipped/>
  </testcase> <!-- ApplicationUnderTest -->
  <testcase classname="testCases.HybridTestCases" name="ApplicationUnderTest" time="0.000">
    <skipped/>
  </testcase> <!-- ApplicationUnderTest -->
  <testcase classname="testCases.HybridTestCases" name="ApplicationUnderTest" time="0.000">
    <skipped/>
  </testcase> <!-- ApplicationUnderTest -->
  <testcase classname="testCases.HybridTestCases" name="ApplicationUnderTest" time="0.000">
    <skipped/>
  </testcase> <!-- ApplicationUnderTest -->
  <testcase classname="testCases.HybridTestCases" name="ApplicationUnderTest" time="0.000">
    <skipped/>
  </testcase> <!-- ApplicationUnderTest -->
  <testcase classname="testCases.HybridTestCases" name="ApplicationUnderTest" time="0.000">
    <skipped/>
  </testcase> <!-- ApplicationUnderTest -->
  <testcase classname="testCases.HybridTestCases" name="SetUp" time="10.472">
    <error message="permission denied
Build info: version: &#039;3.12.0&#039;, revision: &#039;7c6e0b3&#039;, time: &#039;2018-05-08T14:04:26.12Z&#039;
System info: host: &#039;DESKTOP-3LAS9CR&#039;, ip: &#039;192.168.1.158&#039;, os.name: &#039;Windows 10&#039;, os.arch: &#039;amd64&#039;, os.version: &#039;10.0&#039;, java.version: &#039;10.0.2&#039;
Driver info: driver.version: FirefoxDriver
remote stacktrace: " type="org.openqa.selenium.WebDriverException">
      <![CDATA[org.openqa.selenium.WebDriverException: permission denied
Build info: version: '3.12.0', revision: '7c6e0b3', time: '2018-05-08T14:04:26.12Z'
System info: host: 'DESKTOP-3LAS9CR', ip: '192.168.1.158', os.name: 'Windows 10', os.arch: 'amd64', os.version: '10.0', java.version: '10.0.2'
Driver info: driver.version: FirefoxDriver
remote stacktrace: 
at java.base/jdk.internal.reflect.NativeConstructorAccessorImpl.newInstance0(Native Method)
at java.base/jdk.internal.reflect.NativeConstructorAccessorImpl.newInstance(NativeConstructorAccessorImpl.java:62)
at java.base/jdk.internal.reflect.DelegatingConstructorAccessorImpl.newInstance(DelegatingConstructorAccessorImpl.java:45)
at java.base/java.lang.reflect.Constructor.newInstance(Constructor.java:488)
at org.openqa.selenium.remote.W3CHandshakeResponse.lambda$new$0(W3CHandshakeResponse.java:57)
at org.openqa.selenium.remote.W3CHandshakeResponse.lambda$getResponseFunction$2(W3CHandshakeResponse.java:104)
at org.openqa.selenium.remote.ProtocolHandshake.lambda$createSession$0(ProtocolHandshake.java:123)
at java.base/java.util.stream.ReferencePipeline$3$1.accept(ReferencePipeline.java:195)
at java.base/java.util.Spliterators$ArraySpliterator.tryAdvance(Spliterators.java:958)
at java.base/java.util.stream.ReferencePipeline.forEachWithCancel(ReferencePipeline.java:127)
at java.base/java.util.stream.AbstractPipeline.copyIntoWithCancel(AbstractPipeline.java:502)
at java.base/java.util.stream.AbstractPipeline.copyInto(AbstractPipeline.java:488)
at java.base/java.util.stream.AbstractPipeline.wrapAndCopyInto(AbstractPipeline.java:474)
at java.base/java.util.stream.FindOps$FindOp.evaluateSequential(FindOps.java:150)
at java.base/java.util.stream.AbstractPipeline.evaluate(AbstractPipeline.java:234)
at java.base/java.util.stream.ReferencePipeline.findFirst(ReferencePipeline.java:543)
at org.openqa.selenium.remote.ProtocolHandshake.createSession(ProtocolHandshake.java:126)
at org.openqa.selenium.remote.ProtocolHandshake.createSession(ProtocolHandshake.java:73)
at org.openqa.selenium.remote.HttpCommandExecutor.execute(HttpCommandExecutor.java:136)
at org.openqa.selenium.remote.service.DriverCommandExecutor.execute(DriverCommandExecutor.java:83)
at org.openqa.selenium.remote.RemoteWebDriver.execute(RemoteWebDriver.java:543)
at org.openqa.selenium.remote.RemoteWebDriver.startSession(RemoteWebDriver.java:207)
at org.openqa.selenium.remote.RemoteWebDriver.<init>(RemoteWebDriver.java:130)
at org.openqa.selenium.firefox.FirefoxDriver.<init>(FirefoxDriver.java:125)
at org.openqa.selenium.firefox.FirefoxDriver.<init>(FirefoxDriver.java:103)
at operations.AbsClass.SetUp(AbsClass.java:20)
at java.base/jdk.internal.reflect.NativeMethodAccessorImpl.invoke0(Native Method)
at java.base/jdk.internal.reflect.NativeMethodAccessorImpl.invoke(NativeMethodAccessorImpl.java:62)
at java.base/jdk.internal.reflect.DelegatingMethodAccessorImpl.invoke(DelegatingMethodAccessorImpl.java:43)
at java.base/java.lang.reflect.Method.invoke(Method.java:564)
at org.testng.internal.MethodInvocationHelper.invokeMethod(MethodInvocationHelper.java:124)
at org.testng.internal.MethodInvocationHelper.invokeMethodConsideringTimeout(MethodInvocationHelper.java:59)
at org.testng.internal.Invoker.invokeConfigurationMethod(Invoker.java:455)
at org.testng.internal.Invoker.invokeConfigurations(Invoker.java:222)
at org.testng.internal.Invoker.invokeConfigurations(Invoker.java:142)
at org.testng.TestRunner.beforeRun(TestRunner.java:529)
at org.testng.TestRunner.run(TestRunner.java:497)
at org.testng.SuiteRunner.runTest(SuiteRunner.java:455)
at org.testng.SuiteRunner.runSequentially(SuiteRunner.java:450)
at org.testng.SuiteRunner.privateRun(SuiteRunner.java:415)
at org.testng.SuiteRunner.run(SuiteRunner.java:364)
at org.testng.SuiteRunnerWorker.runSuite(SuiteRunnerWorker.java:52)
at org.testng.SuiteRunnerWorker.run(SuiteRunnerWorker.java:84)
at org.testng.TestNG.runSuitesSequentially(TestNG.java:1208)
at org.testng.TestNG.runSuitesLocally(TestNG.java:1137)
at org.testng.TestNG.runSuites(TestNG.java:1049)
at org.testng.TestNG.run(TestNG.java:1017)
at org.testng.remote.AbstractRemoteTestNG.run(AbstractRemoteTestNG.java:114)
at org.testng.remote.RemoteTestNG.initAndRun(RemoteTestNG.java:251)
at org.testng.remote.RemoteTestNG.main(RemoteTestNG.java:77)
]]>
    </error>
  </testcase> <!-- SetUp -->
  <testcase classname="testCases.HybridTestCases" name="ApplicationUnderTest" time="0.000">
    <skipped/>
  </testcase> <!-- ApplicationUnderTest -->
  <testcase classname="testCases.HybridTestCases" name="ApplicationUnderTest" time="0.000">
    <skipped/>
  </testcase> <!-- ApplicationUnderTest -->
  <testcase classname="testCases.HybridTestCases" name="ApplicationUnderTest" time="0.000">
    <skipped/>
  </testcase> <!-- ApplicationUnderTest -->
  <testcase classname="testCases.HybridTestCases" name="ApplicationUnderTest" time="0.000">
    <skipped/>
  </testcase> <!-- ApplicationUnderTest -->
  <testcase classname="testCases.HybridTestCases" name="ApplicationUnderTest" time="0.000">
    <skipped/>
  </testcase> <!-- ApplicationUnderTest -->
  <testcase classname="testCases.HybridTestCases" name="ApplicationUnderTest" time="0.000">
    <skipped/>
  </testcase> <!-- ApplicationUnderTest -->
</testsuite> <!-- testCases.HybridTestCases -->
